<?xml version="1.0" encoding="UTF-8"?>
<!-- Generated by org.testng.reporters.JUnitXMLReporter -->
<testsuite ignored="1" hostname="DESKTOP-AO7BPD3" failures="0" tests="5" name="Test" time="0.117" errors="0" timestamp="2023-11-05T23:36:50 PST">
  <testcase classname="Batch_Execution.Sample3" name="TC5" time="0.013"/>
  <testcase classname="Batch_Execution.Sample3" name="TC6" time="0.003"/>
  <testcase classname="Batch_Execution.Sample2" name="TC3" time="0.005"/>
  <testcase classname="Batch_Execution.Sample2" name="TC4" time="0.004"/>
  <testcase classname="Batch_Execution.Sample1" name="TC2" time="0.008"/>
  <testcase classname="Batch_Execution.Sample1" name="TC1" time="0.0">
    <ignored/>
  </testcase> <!-- TC1 -->
</testsuite> <!-- Test -->
