<?xml version="1.0" encoding="UTF-8"?>
<testng-results ignored="0" total="2" passed="2" failed="0" skipped="0">
  <reporter-output>
  </reporter-output>
  <suite started-at="2023-11-06T02:05:08 PST" name="Suite" finished-at="2023-11-06T02:05:38 PST" duration-ms="29110">
    <groups>
    </groups>
    <test started-at="2023-11-06T02:05:08 PST" name="Test2" finished-at="2023-11-06T02:05:25 PST" duration-ms="17077">
      <class name="Parallel_Testing.Parallel2">
        <test-method signature="m1()[pri:0, instance:Parallel_Testing.Parallel2@6973b51b]" started-at="2023-11-06T02:05:08 PST" name="m1" finished-at="2023-11-06T02:05:25 PST" duration-ms="17017" status="PASS">
          <reporter-output>
          </reporter-output>
        </test-method> <!-- m1 -->
      </class> <!-- Parallel_Testing.Parallel2 -->
    </test> <!-- Test2 -->
    <test started-at="2023-11-06T02:05:08 PST" name="Test1" finished-at="2023-11-06T02:05:38 PST" duration-ms="29110">
      <class name="Parallel_Testing.Parallel1">
        <test-method signature="m1()[pri:0, instance:Parallel_Testing.Parallel1@cd3fee8]" started-at="2023-11-06T02:05:08 PST" name="m1" finished-at="2023-11-06T02:05:38 PST" duration-ms="29046" status="PASS">
          <reporter-output>
          </reporter-output>
        </test-method> <!-- m1 -->
      </class> <!-- Parallel_Testing.Parallel1 -->
    </test> <!-- Test1 -->
  </suite> <!-- Suite -->
</testng-results>
